2024-11-07 13:15:14,480 - ERROR - Error occurred while adding CT: Page.wait_for_selector: Timeout 5000ms exceeded.
Call log:
waiting for locator("ul[role=\"listbox\"]") to be visible
Traceback (most recent call last):
  File "/home/haseeb/xovolt/AutomatingTesting/tests/ct/add_ct.py", line 65, in add_hst_for_client
    page.wait_for_selector('ul[role="listbox"]', timeout=5000)  # Adjust selector as needed
  File "/home/haseeb/xovolt/AutomatingTesting/.venv/lib/python3.10/site-packages/playwright/sync_api/_generated.py", line 8006, in wait_for_selector
    self._sync(
  File "/home/haseeb/xovolt/AutomatingTesting/.venv/lib/python3.10/site-packages/playwright/_impl/_sync_base.py", line 115, in _sync
    return task.result()
  File "/home/haseeb/xovolt/AutomatingTesting/.venv/lib/python3.10/site-packages/playwright/_impl/_page.py", line 397, in wait_for_selector
    return await self._main_frame.wait_for_selector(**locals_to_params(locals()))
  File "/home/haseeb/xovolt/AutomatingTesting/.venv/lib/python3.10/site-packages/playwright/_impl/_frame.py", line 323, in wait_for_selector
    await self._channel.send("waitForSelector", locals_to_params(locals()))
  File "/home/haseeb/xovolt/AutomatingTesting/.venv/lib/python3.10/site-packages/playwright/_impl/_connection.py", line 59, in send
    return await self._connection.wrap_api_call(
  File "/home/haseeb/xovolt/AutomatingTesting/.venv/lib/python3.10/site-packages/playwright/_impl/_connection.py", line 514, in wrap_api_call
    raise rewrite_error(error, f"{parsed_st['apiName']}: {error}") from None
playwright._impl._errors.TimeoutError: Page.wait_for_selector: Timeout 5000ms exceeded.
Call log:
waiting for locator("ul[role=\"listbox\"]") to be visible

2024-11-07 13:15:14,480 - ERROR - Error in main function: Page.wait_for_selector: Timeout 5000ms exceeded.
Call log:
waiting for locator("ul[role=\"listbox\"]") to be visible
Traceback (most recent call last):
  File "/home/haseeb/xovolt/AutomatingTesting/tests/ct/add_ct.py", line 113, in main
    add_hst_for_client(page, client_name, "Calander")
  File "/home/haseeb/xovolt/AutomatingTesting/tests/ct/add_ct.py", line 101, in add_hst_for_client
    raise e  # Re-raise to ensure the script stops on failure
  File "/home/haseeb/xovolt/AutomatingTesting/tests/ct/add_ct.py", line 65, in add_hst_for_client
    page.wait_for_selector('ul[role="listbox"]', timeout=5000)  # Adjust selector as needed
  File "/home/haseeb/xovolt/AutomatingTesting/.venv/lib/python3.10/site-packages/playwright/sync_api/_generated.py", line 8006, in wait_for_selector
    self._sync(
  File "/home/haseeb/xovolt/AutomatingTesting/.venv/lib/python3.10/site-packages/playwright/_impl/_sync_base.py", line 115, in _sync
    return task.result()
  File "/home/haseeb/xovolt/AutomatingTesting/.venv/lib/python3.10/site-packages/playwright/_impl/_page.py", line 397, in wait_for_selector
    return await self._main_frame.wait_for_selector(**locals_to_params(locals()))
  File "/home/haseeb/xovolt/AutomatingTesting/.venv/lib/python3.10/site-packages/playwright/_impl/_frame.py", line 323, in wait_for_selector
    await self._channel.send("waitForSelector", locals_to_params(locals()))
  File "/home/haseeb/xovolt/AutomatingTesting/.venv/lib/python3.10/site-packages/playwright/_impl/_connection.py", line 59, in send
    return await self._connection.wrap_api_call(
  File "/home/haseeb/xovolt/AutomatingTesting/.venv/lib/python3.10/site-packages/playwright/_impl/_connection.py", line 514, in wrap_api_call
    raise rewrite_error(error, f"{parsed_st['apiName']}: {error}") from None
playwright._impl._errors.TimeoutError: Page.wait_for_selector: Timeout 5000ms exceeded.
Call log:
waiting for locator("ul[role=\"listbox\"]") to be visible

